2024-05-17 03:26:52,909 - INFO - Epoch 1/100
2024-05-17 03:26:52,909 - INFO - Train Loss: 0.0387, Val Loss: nan, PSNR: nan, SSIM: nan
2024-05-17 03:28:10,886 - INFO - Epoch 2/100
2024-05-17 03:28:10,886 - INFO - Train Loss: 0.0182, Val Loss: nan, PSNR: nan, SSIM: nan
2024-05-17 03:29:28,858 - INFO - Epoch 3/100
2024-05-17 03:29:28,858 - INFO - Train Loss: 0.0130, Val Loss: nan, PSNR: nan, SSIM: nan
2024-05-17 03:30:47,070 - INFO - Epoch 4/100
2024-05-17 03:30:47,070 - INFO - Train Loss: 0.0110, Val Loss: nan, PSNR: nan, SSIM: nan
2024-05-17 03:32:05,078 - INFO - Epoch 5/100
2024-05-17 03:32:05,078 - INFO - Train Loss: 0.0101, Val Loss: nan, PSNR: nan, SSIM: nan
2024-05-17 03:33:23,342 - INFO - Epoch 6/100
2024-05-17 03:33:23,343 - INFO - Train Loss: 0.0095, Val Loss: nan, PSNR: nan, SSIM: nan
2024-05-17 03:34:41,528 - INFO - Epoch 7/100
2024-05-17 03:34:41,528 - INFO - Train Loss: 0.0089, Val Loss: nan, PSNR: nan, SSIM: nan
2024-05-17 03:35:59,863 - INFO - Epoch 8/100
2024-05-17 03:35:59,863 - INFO - Train Loss: 0.0084, Val Loss: inf, PSNR: -inf, SSIM: nan
2024-05-17 03:37:18,071 - INFO - Epoch 9/100
2024-05-17 03:37:18,071 - INFO - Train Loss: 0.0079, Val Loss: inf, PSNR: -inf, SSIM: nan
2024-05-17 03:38:36,316 - INFO - Epoch 10/100
2024-05-17 03:38:36,316 - INFO - Train Loss: 0.0076, Val Loss: inf, PSNR: -inf, SSIM: nan
2024-05-17 03:39:54,542 - INFO - Epoch 11/100
2024-05-17 03:39:54,543 - INFO - Train Loss: 0.0072, Val Loss: inf, PSNR: -inf, SSIM: nan
2024-05-17 03:41:12,803 - INFO - Epoch 12/100
2024-05-17 03:41:12,803 - INFO - Train Loss: 0.0068, Val Loss: inf, PSNR: -inf, SSIM: nan
2024-05-17 03:42:30,951 - INFO - Epoch 13/100
2024-05-17 03:42:30,951 - INFO - Train Loss: 0.0065, Val Loss: nan, PSNR: nan, SSIM: nan
2024-05-17 03:43:49,294 - INFO - Epoch 14/100
2024-05-17 03:43:49,294 - INFO - Train Loss: 0.0063, Val Loss: inf, PSNR: -inf, SSIM: nan
2024-05-17 03:45:07,387 - INFO - Epoch 15/100
2024-05-17 03:45:07,387 - INFO - Train Loss: 0.0060, Val Loss: nan, PSNR: nan, SSIM: nan
2024-05-17 03:46:25,806 - INFO - Epoch 16/100
2024-05-17 03:46:25,806 - INFO - Train Loss: 0.0056, Val Loss: inf, PSNR: -inf, SSIM: nan
2024-05-17 03:47:44,040 - INFO - Epoch 17/100
2024-05-17 03:47:44,040 - INFO - Train Loss: 0.0055, Val Loss: 29118941638.6481, PSNR: 12.244719505310059, SSIM: 0.7819425540327714
2024-05-17 03:49:02,305 - INFO - Epoch 18/100
2024-05-17 03:49:02,305 - INFO - Train Loss: 0.0052, Val Loss: inf, PSNR: -inf, SSIM: nan
2024-05-17 03:50:20,613 - INFO - Epoch 19/100
2024-05-17 03:50:20,613 - INFO - Train Loss: 0.0051, Val Loss: nan, PSNR: nan, SSIM: nan
2024-05-17 03:51:38,823 - INFO - Epoch 20/100
2024-05-17 03:51:38,823 - INFO - Train Loss: 0.0050, Val Loss: inf, PSNR: -inf, SSIM: nan
2024-05-17 03:52:57,554 - INFO - Epoch 21/100
2024-05-17 03:52:57,554 - INFO - Train Loss: 0.0049, Val Loss: inf, PSNR: -inf, SSIM: nan
2024-05-17 03:54:15,966 - INFO - Epoch 22/100
2024-05-17 03:54:15,967 - INFO - Train Loss: 0.0046, Val Loss: nan, PSNR: nan, SSIM: nan
2024-05-17 03:55:34,224 - INFO - Epoch 23/100
2024-05-17 03:55:34,225 - INFO - Train Loss: 0.0042, Val Loss: inf, PSNR: -inf, SSIM: nan
2024-05-17 03:56:52,625 - INFO - Epoch 24/100
2024-05-17 03:56:52,625 - INFO - Train Loss: 0.0043, Val Loss: 131698629294.7184, PSNR: 4.172137260437012, SSIM: 0.8192539344595365
2024-05-17 03:58:11,023 - INFO - Epoch 25/100
2024-05-17 03:58:11,023 - INFO - Train Loss: 0.0041, Val Loss: inf, PSNR: -inf, SSIM: nan
2024-05-17 03:59:29,410 - INFO - Epoch 26/100
2024-05-17 03:59:29,410 - INFO - Train Loss: 0.0040, Val Loss: inf, PSNR: -inf, SSIM: nan
2024-05-17 04:00:47,653 - INFO - Epoch 27/100
2024-05-17 04:00:47,654 - INFO - Train Loss: 0.0040, Val Loss: inf, PSNR: -inf, SSIM: nan
2024-05-17 04:02:06,042 - INFO - Epoch 28/100
2024-05-17 04:02:06,042 - INFO - Train Loss: 0.0039, Val Loss: inf, PSNR: -inf, SSIM: nan
2024-05-17 04:03:24,486 - INFO - Epoch 29/100
2024-05-17 04:03:24,486 - INFO - Train Loss: 0.0038, Val Loss: inf, PSNR: -inf, SSIM: nan
2024-05-17 04:04:42,906 - INFO - Epoch 30/100
2024-05-17 04:04:42,906 - INFO - Train Loss: 0.0036, Val Loss: inf, PSNR: -inf, SSIM: 0.8374748507353686
2024-05-17 04:06:01,411 - INFO - Epoch 31/100
2024-05-17 04:06:01,411 - INFO - Train Loss: 0.0036, Val Loss: 95491603998515.7031, PSNR: -5.5522003173828125, SSIM: 0.8246427725083852
2024-05-17 04:07:19,755 - INFO - Epoch 32/100
2024-05-17 04:07:19,755 - INFO - Train Loss: 0.0037, Val Loss: nan, PSNR: nan, SSIM: nan
2024-05-17 04:08:38,352 - INFO - Epoch 33/100
2024-05-17 04:08:38,353 - INFO - Train Loss: 0.0036, Val Loss: 67797986704638416.0000, PSNR: 0.6424737572669983, SSIM: 0.8123568578267285
2024-05-17 04:09:56,908 - INFO - Epoch 34/100
2024-05-17 04:09:56,909 - INFO - Train Loss: 0.0036, Val Loss: 10882332411965.1348, PSNR: 16.644123077392578, SSIM: 0.8133619636570284
2024-05-17 04:11:15,456 - INFO - Epoch 35/100
2024-05-17 04:11:15,457 - INFO - Train Loss: 0.0035, Val Loss: nan, PSNR: nan, SSIM: nan
2024-05-17 04:12:33,941 - INFO - Epoch 36/100
2024-05-17 04:12:33,942 - INFO - Train Loss: 0.0035, Val Loss: nan, PSNR: nan, SSIM: nan
2024-05-17 04:13:52,422 - INFO - Epoch 37/100
2024-05-17 04:13:52,422 - INFO - Train Loss: 0.0034, Val Loss: inf, PSNR: -inf, SSIM: nan
2024-05-17 04:15:11,258 - INFO - Epoch 38/100
2024-05-17 04:15:11,258 - INFO - Train Loss: 0.0034, Val Loss: inf, PSNR: -inf, SSIM: nan
2024-05-17 04:16:29,541 - INFO - Epoch 39/100
2024-05-17 04:16:29,542 - INFO - Train Loss: 0.0035, Val Loss: 10024250331377860608.0000, PSNR: 6.7034592628479, SSIM: 0.8158020046173902
2024-05-17 04:17:47,689 - INFO - Epoch 40/100
2024-05-17 04:17:47,689 - INFO - Train Loss: 0.0034, Val Loss: 471641574279491289088.0000, PSNR: 6.246433734893799, SSIM: 0.8202037049252637
2024-05-17 04:19:05,836 - INFO - Epoch 41/100
2024-05-17 04:19:05,836 - INFO - Train Loss: 0.0032, Val Loss: 1797286781176968818720768.0000, PSNR: -23.231285095214844, SSIM: 0.8046479084533859
2024-05-17 04:20:24,207 - INFO - Epoch 42/100
2024-05-17 04:20:24,207 - INFO - Train Loss: 0.0033, Val Loss: 55170950224727854306325168128.0000, PSNR: 6.596014976501465, SSIM: 0.8243348910083205
2024-05-17 04:21:42,440 - INFO - Epoch 43/100
2024-05-17 04:21:42,441 - INFO - Train Loss: 0.0033, Val Loss: inf, PSNR: -inf, SSIM: nan
2024-05-17 04:23:00,764 - INFO - Epoch 44/100
2024-05-17 04:23:00,764 - INFO - Train Loss: 0.0033, Val Loss: inf, PSNR: -inf, SSIM: nan
2024-05-17 04:24:18,660 - INFO - Epoch 45/100
2024-05-17 04:24:18,660 - INFO - Train Loss: 0.0033, Val Loss: 0.5759, PSNR: 20.293031692504883, SSIM: 0.8311988072791648
2024-05-17 04:25:36,835 - INFO - Epoch 46/100
2024-05-17 04:25:36,835 - INFO - Train Loss: 0.0032, Val Loss: 27539076938872.0664, PSNR: 17.861522674560547, SSIM: 0.8328922458422121
2024-05-17 04:26:54,993 - INFO - Epoch 47/100
2024-05-17 04:26:54,994 - INFO - Train Loss: 0.0033, Val Loss: nan, PSNR: nan, SSIM: nan
2024-05-17 04:28:13,095 - INFO - Epoch 48/100
2024-05-17 04:28:13,095 - INFO - Train Loss: 0.0032, Val Loss: 1386257.1590, PSNR: 15.503901481628418, SSIM: 0.8294319775131048
2024-05-17 04:29:31,102 - INFO - Epoch 49/100
2024-05-17 04:29:31,103 - INFO - Train Loss: 0.0031, Val Loss: inf, PSNR: -inf, SSIM: nan
2024-05-17 04:30:49,263 - INFO - Epoch 50/100
2024-05-17 04:30:49,263 - INFO - Train Loss: 0.0031, Val Loss: 0.3387, PSNR: 20.773502349853516, SSIM: 0.8357572988533849
2024-05-17 04:32:07,456 - INFO - Epoch 51/100
2024-05-17 04:32:07,456 - INFO - Train Loss: 0.0030, Val Loss: nan, PSNR: nan, SSIM: nan
2024-05-17 04:33:25,966 - INFO - Epoch 52/100
2024-05-17 04:33:25,966 - INFO - Train Loss: 0.0030, Val Loss: 3760703965031.2422, PSNR: 9.185494422912598, SSIM: 0.8439538912038217
2024-05-17 04:34:44,102 - INFO - Epoch 53/100
2024-05-17 04:34:44,103 - INFO - Train Loss: 0.0029, Val Loss: 16813458142869836.0000, PSNR: -5.49255895614624, SSIM: 0.8424396932281125
2024-05-17 04:36:02,208 - INFO - Epoch 54/100
2024-05-17 04:36:02,209 - INFO - Train Loss: 0.0030, Val Loss: inf, PSNR: -inf, SSIM: nan
2024-05-17 04:37:20,406 - INFO - Epoch 55/100
2024-05-17 04:37:20,406 - INFO - Train Loss: 0.0029, Val Loss: 1445.9665, PSNR: 17.76923942565918, SSIM: 0.8535434400848069
2024-05-17 04:38:38,603 - INFO - Epoch 56/100
2024-05-17 04:38:38,603 - INFO - Train Loss: 0.0029, Val Loss: inf, PSNR: -inf, SSIM: nan
2024-05-17 04:39:57,002 - INFO - Epoch 57/100
2024-05-17 04:39:57,002 - INFO - Train Loss: 0.0030, Val Loss: inf, PSNR: -inf, SSIM: nan
2024-05-17 04:41:15,514 - INFO - Epoch 58/100
2024-05-17 04:41:15,514 - INFO - Train Loss: 0.0026, Val Loss: 15895.7917, PSNR: 16.422534942626953, SSIM: 0.8300350566653056
2024-05-17 04:42:33,681 - INFO - Epoch 59/100
2024-05-17 04:42:33,681 - INFO - Train Loss: 0.0027, Val Loss: nan, PSNR: nan, SSIM: nan
2024-05-17 04:43:51,799 - INFO - Epoch 60/100
2024-05-17 04:43:51,800 - INFO - Train Loss: 0.0027, Val Loss: 337410757654.7182, PSNR: 2.461683750152588, SSIM: 0.849952281672137
2024-05-17 04:45:10,018 - INFO - Epoch 61/100
2024-05-17 04:45:10,018 - INFO - Train Loss: 0.0026, Val Loss: 27385611761946700.0000, PSNR: -34.025882720947266, SSIM: 0.8468323578273009
2024-05-17 04:46:28,342 - INFO - Epoch 62/100
2024-05-17 04:46:28,342 - INFO - Train Loss: 0.0026, Val Loss: 1.5221, PSNR: 19.40245246887207, SSIM: 0.8376378519021715
2024-05-17 04:47:46,602 - INFO - Epoch 63/100
2024-05-17 04:47:46,602 - INFO - Train Loss: 0.0026, Val Loss: 0.0145, PSNR: 19.798885345458984, SSIM: 0.8362008098766441
2024-05-17 04:49:04,811 - INFO - Epoch 64/100
2024-05-17 04:49:04,812 - INFO - Train Loss: 0.0025, Val Loss: 286053808.7019, PSNR: 18.605966567993164, SSIM: 0.8533597206258025
2024-05-17 04:50:23,123 - INFO - Epoch 65/100
2024-05-17 04:50:23,123 - INFO - Train Loss: 0.0024, Val Loss: inf, PSNR: -inf, SSIM: nan
2024-05-17 04:51:41,591 - INFO - Epoch 66/100
2024-05-17 04:51:41,591 - INFO - Train Loss: 0.0024, Val Loss: 40318592147270049792.0000, PSNR: -14.049589157104492, SSIM: 0.8445916237719162
2024-05-17 04:52:59,597 - INFO - Epoch 67/100
2024-05-17 04:52:59,598 - INFO - Train Loss: 0.0023, Val Loss: 3783626669.9434, PSNR: 5.145806789398193, SSIM: 0.855197898185378
2024-05-17 04:54:17,690 - INFO - Epoch 68/100
2024-05-17 04:54:17,690 - INFO - Train Loss: 0.0024, Val Loss: 0.3591, PSNR: 19.355449676513672, SSIM: 0.8328010932352218
2024-05-17 04:55:36,014 - INFO - Epoch 69/100
2024-05-17 04:55:36,015 - INFO - Train Loss: 0.0023, Val Loss: inf, PSNR: -inf, SSIM: nan
2024-05-17 04:56:54,168 - INFO - Epoch 70/100
2024-05-17 04:56:54,169 - INFO - Train Loss: 0.0023, Val Loss: 26988220859.4851, PSNR: -0.9800328016281128, SSIM: 0.865084019709008
2024-05-17 04:58:12,493 - INFO - Epoch 71/100
2024-05-17 04:58:12,493 - INFO - Train Loss: 0.0022, Val Loss: 12027133795.0822, PSNR: 1.1934353113174438, SSIM: 0.854398073930859
2024-05-17 04:59:30,826 - INFO - Epoch 72/100
2024-05-17 04:59:30,826 - INFO - Train Loss: 0.0023, Val Loss: 14116703834988.7637, PSNR: 0.8379772901535034, SSIM: 0.861324720338221
2024-05-17 05:00:49,350 - INFO - Epoch 73/100
2024-05-17 05:00:49,350 - INFO - Train Loss: 0.0021, Val Loss: inf, PSNR: -inf, SSIM: nan
2024-05-17 05:02:07,616 - INFO - Epoch 74/100
2024-05-17 05:02:07,616 - INFO - Train Loss: 0.0021, Val Loss: 1201359191.1553, PSNR: 14.71407699584961, SSIM: 0.8468203824891157
2024-05-17 05:03:25,750 - INFO - Epoch 75/100
2024-05-17 05:03:25,750 - INFO - Train Loss: 0.0021, Val Loss: 7761981471547322512965632.0000, PSNR: -55.42402648925781, SSIM: 0.8380100096366246
2024-05-17 05:04:44,042 - INFO - Epoch 76/100
2024-05-17 05:04:44,042 - INFO - Train Loss: 0.0021, Val Loss: inf, PSNR: -inf, SSIM: nan
2024-05-17 05:06:02,342 - INFO - Epoch 77/100
2024-05-17 05:06:02,342 - INFO - Train Loss: 0.0020, Val Loss: 742460877203782.8750, PSNR: -30.47382164001465, SSIM: 0.8598407337268941
2024-05-17 05:07:20,556 - INFO - Epoch 78/100
2024-05-17 05:07:20,557 - INFO - Train Loss: 0.0020, Val Loss: inf, PSNR: -inf, SSIM: nan
2024-05-17 05:08:38,718 - INFO - Epoch 79/100
2024-05-17 05:08:38,718 - INFO - Train Loss: 0.0020, Val Loss: 138882091854486716416.0000, PSNR: -21.550119400024414, SSIM: 0.8600496056426258
2024-05-17 05:09:56,958 - INFO - Epoch 80/100
2024-05-17 05:09:56,958 - INFO - Train Loss: 0.0020, Val Loss: 159920763415845526874556989440.0000, PSNR: -51.2259407043457, SSIM: 0.8411585810305965
2024-05-17 05:11:15,165 - INFO - Epoch 81/100
2024-05-17 05:11:15,165 - INFO - Train Loss: 0.0019, Val Loss: 145885750016232059171766272.0000, PSNR: -16.90296173095703, SSIM: 0.8689474406169425
2024-05-17 05:12:33,541 - INFO - Epoch 82/100
2024-05-17 05:12:33,542 - INFO - Train Loss: 0.0020, Val Loss: inf, PSNR: -inf, SSIM: nan
2024-05-17 05:13:52,175 - INFO - Epoch 83/100
2024-05-17 05:13:52,175 - INFO - Train Loss: 0.0019, Val Loss: nan, PSNR: nan, SSIM: nan
2024-05-17 05:15:10,475 - INFO - Epoch 84/100
2024-05-17 05:15:10,476 - INFO - Train Loss: 0.0019, Val Loss: 71515722800289508591927296.0000, PSNR: -21.72641372680664, SSIM: 0.8612324333900868
2024-05-17 05:16:28,663 - INFO - Epoch 85/100
2024-05-17 05:16:28,663 - INFO - Train Loss: 0.0018, Val Loss: 40485289919779.8828, PSNR: -4.329827308654785, SSIM: 0.8556075819733879
2024-05-17 05:17:46,704 - INFO - Epoch 86/100
2024-05-17 05:17:46,704 - INFO - Train Loss: 0.0019, Val Loss: inf, PSNR: -inf, SSIM: 0.8563902261298203
2024-05-17 05:19:04,943 - INFO - Epoch 87/100
2024-05-17 05:19:04,944 - INFO - Train Loss: 0.0019, Val Loss: 5839107023525459787776.0000, PSNR: -43.12147903442383, SSIM: 0.853964375634312
2024-05-17 05:20:23,198 - INFO - Epoch 88/100
2024-05-17 05:20:23,199 - INFO - Train Loss: 0.0018, Val Loss: inf, PSNR: -inf, SSIM: nan
2024-05-17 05:21:41,504 - INFO - Epoch 89/100
2024-05-17 05:21:41,504 - INFO - Train Loss: 0.0018, Val Loss: 567152066399711887622144.0000, PSNR: -37.47258377075195, SSIM: 0.8589571733222738
2024-05-17 05:22:59,780 - INFO - Epoch 90/100
2024-05-17 05:22:59,780 - INFO - Train Loss: 0.0018, Val Loss: 73854575069974661393547264.0000, PSNR: -46.40903091430664, SSIM: 0.8564745786341386
2024-05-17 05:24:17,937 - INFO - Epoch 91/100
2024-05-17 05:24:17,937 - INFO - Train Loss: 0.0018, Val Loss: 237002709132074846909366272.0000, PSNR: -48.435791015625, SSIM: 0.8407500175690932
2024-05-17 05:25:36,159 - INFO - Epoch 92/100
2024-05-17 05:25:36,159 - INFO - Train Loss: 0.0017, Val Loss: 52427981147054768.0000, PSNR: -10.975519180297852, SSIM: 0.8637056353438587
2024-05-17 05:26:54,153 - INFO - Epoch 93/100
2024-05-17 05:26:54,154 - INFO - Train Loss: 0.0017, Val Loss: 3215334170584786944.0000, PSNR: -3.602259874343872, SSIM: 0.876060554718706
2024-05-17 05:28:12,406 - INFO - Epoch 94/100
2024-05-17 05:28:12,406 - INFO - Train Loss: 0.0017, Val Loss: 27204786264532865024.0000, PSNR: -25.910749435424805, SSIM: 0.865191879287284
2024-05-17 05:29:30,515 - INFO - Epoch 95/100
2024-05-17 05:29:30,515 - INFO - Train Loss: 0.0020, Val Loss: 807287065167.4182, PSNR: -4.8824944496154785, SSIM: 0.8647947999117263
2024-05-17 05:30:48,647 - INFO - Epoch 96/100
2024-05-17 05:30:48,647 - INFO - Train Loss: 0.0017, Val Loss: 34675537163030.2188, PSNR: -2.4549052715301514, SSIM: 0.8703507664784087
2024-05-17 05:32:06,734 - INFO - Epoch 97/100
2024-05-17 05:32:06,734 - INFO - Train Loss: 0.0017, Val Loss: 525427.4310, PSNR: 13.260015487670898, SSIM: 0.874654033304197
2024-05-17 05:33:24,846 - INFO - Epoch 98/100
2024-05-17 05:33:24,846 - INFO - Train Loss: 0.0017, Val Loss: 169702134900.1880, PSNR: 8.574494361877441, SSIM: 0.8729858660768152
2024-05-17 05:34:43,006 - INFO - Epoch 99/100
2024-05-17 05:34:43,006 - INFO - Train Loss: 0.0017, Val Loss: 3178711819393482421698560.0000, PSNR: -32.45240783691406, SSIM: 0.8652623418757585
2024-05-17 05:36:01,312 - INFO - Epoch 100/100
2024-05-17 05:36:01,312 - INFO - Train Loss: 0.0017, Val Loss: 4509943041017547063296.0000, PSNR: -17.46442222595215, SSIM: 0.8635704717086872
